<?xml version="1.0" encoding="UTF-8"?><testsuite errors="0" failures="0" name="Map widget" skipped="0" tests="6" time="81.12" timestamp="2017-06-160 08:05:02"><testcase name="(/products-and-docs/widgets/map/) [3.7.1 Map widget "/><testcase name="(/products-and-docs/widgets/map/) [3.7.2 Map widget "/><testcase name="(/products-and-docs/widgets/map/) [3.7.3 Map widget "/><testcase name="(/products-and-docs/widgets/map/) [3.7.4 Map widget "/><testcase name="(/products-and-docs/widgets/map/) [3.7.7 Map widget "/><testcase name="(/products-and-docs/widgets/map/) Event message - Check event message for invalid API Key"/></testsuite>